-------------------- Log Start | Tue Nov 21 13:28:54 2023 --------------------
data_path: /home/admin/printer_data
is_default_data_path: False
config_file: /home/admin/printer_data/config/moonraker.conf
startup_warnings: []
verbose: False
debug: False
asyncio_debug: False
is_backup_config: False
is_python_package: False
instance_uuid: ca3e01a4249f41f98f392e3d1d41e2ad
unix_socket_path: /home/admin/printer_data/comms/moonraker.sock
software_version: v0.8.0-202-gdddd968
git_branch: master
git_remote: origin
git_repo_url: https://github.com/Arksine/moonraker.git
modified_files: []
unofficial_components: []
log_file: /home/admin/printer_data/logs/moonraker.log
python_version: 3.9.2 (default, Feb 28 2021, 17:03:44)  [GCC 10.2.1 20210110]
msgspec_enabled: False
uvloop_enabled: False

#################### Moonraker Configuration ####################

[server]
host = 0.0.0.0
port = 7125
klippy_uds_address = /home/admin/printer_data/comms/klippy.sock

[authorization]
trusted_clients = 
	10.0.0.0/8
	127.0.0.0/8
	169.254.0.0/16
	172.16.0.0/12
	192.168.0.0/16
	FE80::/10
	::1/128
cors_domains = 
	*.lan
	*.local
	*://localhost
	*://localhost:*
	*://my.mainsail.xyz
	*://app.fluidd.xyz

[octoprint_compat]

[history]

[file_manager]
enable_object_processing = True

[update_manager]
channel = dev
refresh_interval = 168

[update_manager mainsail-config]
type = git_repo
primary_branch = master
path = ~/mainsail-config
origin = https://github.com/mainsail-crew/mainsail-config.git
managed_services = klipper

[update_manager mainsail]
type = web
channel = stable
repo = mainsail-crew/mainsail
path = ~/mainsail

[update_manager crowsnest]
type = git_repo
path = ~/crowsnest
origin = https://github.com/mainsail-crew/crowsnest.git
managed_services = crowsnest
install_script = tools/pkglist.sh

[update_manager moonraker-telegram-bot]
type = git_repo
path = ~/moonraker-telegram-bot
origin = https://github.com/nlef/moonraker-telegram-bot.git
env = ~/moonraker-telegram-bot-env/bin/python
requirements = scripts/requirements.txt
install_script = scripts/install.sh

[update_manager client klipper-backup]
type = git_repo
path = ~/klipper-backup
origin = https://github.com/Staubgeborener/klipper-backup.git
install_script = install.sh
is_system_service = False
primary_branch = main

[update_manager Klipper-Adaptive-Meshing-Purging]
type = git_repo
channel = dev
path = ~/Klipper-Adaptive-Meshing-Purging
origin = https://github.com/kyleisah/Klipper-Adaptive-Meshing-Purging.git
managed_services = klipper
primary_branch = main

#################################################################
All Configuration Files:
/home/admin/printer_data/config/moonraker.conf
#################################################################
Unsafe Shutdown Count: 2

System Info:

***python***
  version: (3, 9, 2, 'final', 0)
  version_string: 3.9.2 (default, Feb 28 2021, 17:03:44)  [GCC 10.2.1 20210110]

***cpu_info***
  cpu_count: 2
  bits: 32bit
  processor: x86_64
  cpu_desc: Intel(R) Atom(TM) CPU N450   @ 1.66GHz
  serial_number: 
  hardware_desc: 
  model: 
  total_memory: 2007848
  memory_units: kB

***sd_info***

***distribution***
  name: Debian GNU/Linux 11 (bullseye)
  id: debian
  version: 11
  version_parts: {'major': '11', 'minor': '', 'build_number': ''}
  like: 
  codename: bullseye
  release_info: {}

***virtualization***
  virt_type: none
  virt_identifier: none

***network***

***canbus***

***Allowed Services***
  klipper_mcu
  webcamd
  MoonCord
  KlipperScreen
  moonraker-telegram-bot
  moonraker-obico
  sonar
  crowsnest
  octoeverywhere
  ratos-configurator

Systemd unit moonraker.service:
unit_name: moonraker.service
is_default: True
manager: systemd
Properties:
**Requires=['-.mount', 'network-online.target', 'sysinit.target', 'system.slice']
**After=['basic.target', '-.mount', 'network-online.target', 'sysinit.target', 'system.slice', 'systemd-journald.socket']
**SupplementaryGroups=['moonraker-admin']
**EnvironmentFiles=/home/admin/printer_data/systemd/moonraker.env
**ExecStart=/home/admin/moonraker-env/bin/python $MOONRAKER_ARGS
**WorkingDirectory=/home/admin/moonraker
**FragmentPath=/etc/systemd/system/moonraker.service
**Description=API Server for Klipper SV1
**User=admin

Systemd unit klipper.service:
unit_name: klipper.service
is_default: True
manager: systemd
Properties:
**Requires=['sysinit.target', '-.mount', 'system.slice']
**After=['systemd-journald.socket', 'system.slice', '-.mount', 'sysinit.target', 'basic.target', 'network-online.target']
**SupplementaryGroups=[]
**EnvironmentFiles=/home/admin/printer_data/systemd/klipper.env
**ExecStart=/home/admin/klippy-env/bin/python $KLIPPER_ARGS
**WorkingDirectory=/home/admin/klipper
**FragmentPath=/etc/systemd/system/klipper.service
**Description=Klipper 3D Printer Firmware SV1
**User=admin
Git Repo moonraker: No warnings detected
Git Repo klipper: Warnings detected:
  Repo has untracked source files: ['klippy/extras/gcode_shell_command.py']
Git Repo mainsail-config: No warnings detected
Git Repo crowsnest: No warnings detected
Git Repo moonraker-telegram-bot: No warnings detected
Git Repo klipper-backup: Warnings detected:
  Unofficial remote url: https://github.com/rogocal/magnase_klipper
Klipper Version: v0.12.0-8-g187cc2f1-dirty
Git Repo Klipper-Adaptive-Meshing-Purging: No warnings detected
2023-11-21 10:28:54,383 [websockets.py:on_close()] - Websocket Closed: ID: 3872310392 Close Code: None, Close Reason: None, Pong Time Elapsed: 4.06
2023-11-21 13:02:11,197 [websockets.py:prepare()] - Websocket Failed Authentication: HTTP 401: Unauthorized (Unauthorized)
2023-11-21 13:02:11,201 [app.py:log_request()] - 101 GET /websocket (100.83.41.139) [No User] 8.79ms
2023-11-21 13:02:11,202 [websockets.py:open()] - Websocket Opened: ID: 3872324792, Proxied: True, User Agent: Mozilla/5.0 (Windows NT 10.0; Win64; x64) AppleWebKit/537.36 (KHTML, like Gecko) Chrome/119.0.0.0 Safari/537.36, Host Name: magna-notebook.buffalo-emperor.ts.net
2023-11-21 13:02:11,371 [common.py:build_error()] - JSON-RPC Request Error - Requested Method: server.connection.identify, Code: -32602, Message: Unauthorized
2023-11-21 13:02:11,378 [common.py:build_error()] - JSON-RPC Request Error - Requested Method: server.info, Code: -32602, Message: Unauthorized
2023-11-21 13:02:11,379 [common.py:build_error()] - JSON-RPC Request Error - Requested Method: server.config, Code: -32602, Message: Unauthorized
2023-11-21 13:02:11,387 [common.py:build_error()] - JSON-RPC Request Error - Requested Method: machine.system_info, Code: -32602, Message: Unauthorized
2023-11-21 13:02:11,392 [common.py:build_error()] - JSON-RPC Request Error - Requested Method: machine.proc_stats, Code: -32602, Message: Unauthorized
2023-11-21 13:02:11,393 [common.py:build_error()] - JSON-RPC Request Error - Requested Method: server.database.list, Code: -32602, Message: Unauthorized
2023-11-21 13:09:13,717 [klippy_connection.py:_on_connection_closed()] - Klippy Connection Removed
2023-11-21 13:09:13,899 [authorization.py:_check_trusted_connection()] - Trusted Connection Detected, IP: 127.0.0.1
2023-11-21 13:09:13,918 [app.py:log_request()] - 503 GET /printer/objects/list (127.0.0.1) [_TRUSTED_USER_] 20.44ms
2023-11-21 13:09:15,393 [klippy_connection.py:_do_connect()] - Klippy Connection Established
2023-11-21 13:09:15,595 [server.py:add_log_rollover_item()] - 
Systemd unit klipper.service:
unit_name: klipper.service
is_default: True
manager: systemd
Properties:
**Requires=['system.slice', '-.mount', 'sysinit.target']
**After=['basic.target', 'network-online.target', 'sysinit.target', 'systemd-journald.socket', '-.mount', 'system.slice']
**SupplementaryGroups=[]
**EnvironmentFiles=/home/admin/printer_data/systemd/klipper.env
**ExecStart=/home/admin/klippy-env/bin/python $KLIPPER_ARGS
**WorkingDirectory=/home/admin/klipper
**FragmentPath=/etc/systemd/system/klipper.service
**Description=Klipper 3D Printer Firmware SV1
**User=admin
2023-11-21 13:09:15,922 [common.py:build_error()] - JSON-RPC Request Error - Requested Method: machine.device_power.devices, Code: -32601, Message: Method not found
2023-11-21 13:09:18,380 [klippy_connection.py:_request_initial_subscriptions()] - Webhooks Subscribed
2023-11-21 13:09:18,384 [klippy_connection.py:_request_initial_subscriptions()] - GCode Output Subscribed
2023-11-21 13:09:18,632 [job_state.py:_handle_started()] - Job state initialized: standby
2023-11-21 13:09:18,900 [klippy_connection.py:_check_ready()] - Klippy ready
2023-11-21 13:09:19,124 [common.py:build_error()] - JSON-RPC Request Error - Requested Method: machine.device_power.devices, Code: -32601, Message: Method not found
2023-11-21 13:09:19,385 [data_store.py:_init_sensors()] - Configuring available sensors: ['heater_bed', 'extruder']
2023-11-21 13:09:21,921 [websockets.py:on_close()] - Websocket Closed: ID: 3872324792 Close Code: 1001, Close Reason: None, Pong Time Elapsed: 0.55
2023-11-21 13:22:36,392 [klippy_connection.py:_on_connection_closed()] - Klippy Connection Removed
2023-11-21 13:22:36,428 [app.py:log_request()] - 503 GET /printer/objects/list (127.0.0.1) [_TRUSTED_USER_] 9.92ms
2023-11-21 13:22:37,661 [klippy_connection.py:_do_connect()] - Klippy Connection Established
2023-11-21 13:22:38,444 [common.py:build_error()] - JSON-RPC Request Error - Requested Method: machine.device_power.devices, Code: -32601, Message: Method not found
2023-11-21 13:22:40,643 [klippy_connection.py:_request_initial_subscriptions()] - Webhooks Subscribed
2023-11-21 13:22:40,647 [klippy_connection.py:_request_initial_subscriptions()] - GCode Output Subscribed
2023-11-21 13:22:40,895 [job_state.py:_handle_started()] - Job state initialized: standby
2023-11-21 13:22:41,163 [klippy_connection.py:_check_ready()] - Klippy ready
2023-11-21 13:22:41,390 [common.py:build_error()] - JSON-RPC Request Error - Requested Method: machine.device_power.devices, Code: -32601, Message: Method not found
2023-11-21 13:22:41,647 [data_store.py:_init_sensors()] - Configuring available sensors: ['heater_bed', 'extruder']
2023-11-21 13:23:52,385 [klippy_connection.py:_on_connection_closed()] - Klippy Connection Removed
2023-11-21 13:23:52,445 [app.py:log_request()] - 503 GET /printer/objects/list (127.0.0.1) [_TRUSTED_USER_] 27.84ms
2023-11-21 13:23:53,653 [klippy_connection.py:_do_connect()] - Klippy Connection Established
2023-11-21 13:23:54,456 [common.py:build_error()] - JSON-RPC Request Error - Requested Method: machine.device_power.devices, Code: -32601, Message: Method not found
2023-11-21 13:23:56,676 [klippy_connection.py:_request_initial_subscriptions()] - Webhooks Subscribed
2023-11-21 13:23:56,680 [klippy_connection.py:_request_initial_subscriptions()] - GCode Output Subscribed
2023-11-21 13:23:56,927 [job_state.py:_handle_started()] - Job state initialized: standby
2023-11-21 13:23:57,196 [klippy_connection.py:_check_ready()] - Klippy ready
2023-11-21 13:23:57,424 [common.py:build_error()] - JSON-RPC Request Error - Requested Method: machine.device_power.devices, Code: -32601, Message: Method not found
2023-11-21 13:23:57,680 [data_store.py:_init_sensors()] - Configuring available sensors: ['heater_bed', 'extruder']
2023-11-21 13:24:39,616 [websockets.py:prepare()] - Websocket Failed Authentication: HTTP 401: Unauthorized (Unauthorized)
2023-11-21 13:24:39,619 [app.py:log_request()] - 101 GET /websocket (100.83.41.139) [No User] 7.84ms
2023-11-21 13:24:39,620 [websockets.py:open()] - Websocket Opened: ID: 3872003936, Proxied: True, User Agent: Mozilla/5.0 (Windows NT 10.0; Win64; x64) AppleWebKit/537.36 (KHTML, like Gecko) Chrome/119.0.0.0 Safari/537.36, Host Name: 100.67.7.121
2023-11-21 13:24:39,788 [common.py:build_error()] - JSON-RPC Request Error - Requested Method: server.connection.identify, Code: -32602, Message: Unauthorized
2023-11-21 13:24:39,794 [common.py:build_error()] - JSON-RPC Request Error - Requested Method: server.info, Code: -32602, Message: Unauthorized
2023-11-21 13:24:39,795 [common.py:build_error()] - JSON-RPC Request Error - Requested Method: server.config, Code: -32602, Message: Unauthorized
2023-11-21 13:24:39,804 [common.py:build_error()] - JSON-RPC Request Error - Requested Method: machine.system_info, Code: -32602, Message: Unauthorized
2023-11-21 13:24:39,805 [common.py:build_error()] - JSON-RPC Request Error - Requested Method: machine.proc_stats, Code: -32602, Message: Unauthorized
2023-11-21 13:24:39,811 [common.py:build_error()] - JSON-RPC Request Error - Requested Method: server.database.list, Code: -32602, Message: Unauthorized
2023-11-21 13:26:03,629 [websockets.py:prepare()] - Websocket Failed Authentication: HTTP 401: Unauthorized (Unauthorized)
2023-11-21 13:26:03,632 [app.py:log_request()] - 101 GET /websocket (100.83.41.139) [No User] 8.35ms
2023-11-21 13:26:03,633 [websockets.py:open()] - Websocket Opened: ID: 3872003120, Proxied: True, User Agent: Mozilla/5.0 (Windows NT 10.0; Win64; x64) AppleWebKit/537.36 (KHTML, like Gecko) Chrome/119.0.0.0 Safari/537.36, Host Name: 100.67.7.121
2023-11-21 13:26:03,805 [common.py:build_error()] - JSON-RPC Request Error - Requested Method: server.connection.identify, Code: -32602, Message: Unauthorized
2023-11-21 13:26:03,806 [common.py:build_error()] - JSON-RPC Request Error - Requested Method: server.info, Code: -32602, Message: Unauthorized
2023-11-21 13:26:03,819 [common.py:build_error()] - JSON-RPC Request Error - Requested Method: server.config, Code: -32602, Message: Unauthorized
2023-11-21 13:26:03,820 [common.py:build_error()] - JSON-RPC Request Error - Requested Method: machine.system_info, Code: -32602, Message: Unauthorized
2023-11-21 13:26:03,820 [common.py:build_error()] - JSON-RPC Request Error - Requested Method: machine.proc_stats, Code: -32602, Message: Unauthorized
2023-11-21 13:26:03,821 [common.py:build_error()] - JSON-RPC Request Error - Requested Method: server.database.list, Code: -32602, Message: Unauthorized
2023-11-21 13:29:09,224 [klippy_connection.py:_on_connection_closed()] - Klippy Connection Removed
2023-11-21 13:29:09,264 [app.py:log_request()] - 503 GET /printer/objects/list (127.0.0.1) [_TRUSTED_USER_] 15.78ms
2023-11-21 13:29:10,491 [klippy_connection.py:_do_connect()] - Klippy Connection Established
2023-11-21 13:29:11,277 [common.py:build_error()] - JSON-RPC Request Error - Requested Method: machine.device_power.devices, Code: -32601, Message: Method not found
2023-11-21 13:29:13,504 [klippy_connection.py:_request_initial_subscriptions()] - Webhooks Subscribed
2023-11-21 13:29:13,507 [klippy_connection.py:_request_initial_subscriptions()] - GCode Output Subscribed
2023-11-21 13:29:13,755 [job_state.py:_handle_started()] - Job state initialized: standby
2023-11-21 13:29:14,024 [klippy_connection.py:_check_ready()] - Klippy ready
2023-11-21 13:29:14,248 [common.py:build_error()] - JSON-RPC Request Error - Requested Method: machine.device_power.devices, Code: -32601, Message: Method not found
2023-11-21 13:29:14,509 [data_store.py:_init_sensors()] - Configuring available sensors: ['heater_bed', 'extruder']
2023-11-21 13:29:22,424 [websockets.py:on_close()] - Websocket Closed: ID: 3872003936 Close Code: 1001, Close Reason: None, Pong Time Elapsed: 2.63
2023-11-21 13:29:22,830 [websockets.py:prepare()] - Websocket Failed Authentication: HTTP 401: Unauthorized (Unauthorized)
2023-11-21 13:29:22,835 [app.py:log_request()] - 101 GET /websocket (100.83.41.139) [No User] 13.43ms
2023-11-21 13:29:22,839 [websockets.py:open()] - Websocket Opened: ID: 3872222800, Proxied: True, User Agent: Mozilla/5.0 (Windows NT 10.0; Win64; x64) AppleWebKit/537.36 (KHTML, like Gecko) Chrome/119.0.0.0 Safari/537.36, Host Name: 100.67.7.121
2023-11-21 13:29:23,009 [common.py:build_error()] - JSON-RPC Request Error - Requested Method: server.connection.identify, Code: -32602, Message: Unauthorized
2023-11-21 13:29:23,010 [common.py:build_error()] - JSON-RPC Request Error - Requested Method: server.info, Code: -32602, Message: Unauthorized
2023-11-21 13:29:23,024 [common.py:build_error()] - JSON-RPC Request Error - Requested Method: server.config, Code: -32602, Message: Unauthorized
2023-11-21 13:29:23,025 [common.py:build_error()] - JSON-RPC Request Error - Requested Method: machine.system_info, Code: -32602, Message: Unauthorized
2023-11-21 13:29:23,025 [common.py:build_error()] - JSON-RPC Request Error - Requested Method: machine.proc_stats, Code: -32602, Message: Unauthorized
2023-11-21 13:29:23,026 [common.py:build_error()] - JSON-RPC Request Error - Requested Method: server.database.list, Code: -32602, Message: Unauthorized
2023-11-21 13:29:28,482 [websockets.py:on_close()] - Websocket Closed: ID: 3872003120 Close Code: 1001, Close Reason: None, Pong Time Elapsed: 4.67
2023-11-21 13:29:28,824 [websockets.py:prepare()] - Websocket Failed Authentication: HTTP 401: Unauthorized (Unauthorized)
2023-11-21 13:29:28,828 [app.py:log_request()] - 101 GET /websocket (100.83.41.139) [No User] 9.85ms
2023-11-21 13:29:28,829 [websockets.py:open()] - Websocket Opened: ID: 3872220688, Proxied: True, User Agent: Mozilla/5.0 (Windows NT 10.0; Win64; x64) AppleWebKit/537.36 (KHTML, like Gecko) Chrome/119.0.0.0 Safari/537.36, Host Name: 100.67.7.121
2023-11-21 13:29:29,001 [common.py:build_error()] - JSON-RPC Request Error - Requested Method: server.connection.identify, Code: -32602, Message: Unauthorized
2023-11-21 13:29:29,015 [common.py:build_error()] - JSON-RPC Request Error - Requested Method: server.info, Code: -32602, Message: Unauthorized
2023-11-21 13:29:29,016 [common.py:build_error()] - JSON-RPC Request Error - Requested Method: server.config, Code: -32602, Message: Unauthorized
2023-11-21 13:29:29,017 [common.py:build_error()] - JSON-RPC Request Error - Requested Method: machine.system_info, Code: -32602, Message: Unauthorized
2023-11-21 13:29:29,017 [common.py:build_error()] - JSON-RPC Request Error - Requested Method: machine.proc_stats, Code: -32602, Message: Unauthorized
2023-11-21 13:29:29,018 [common.py:build_error()] - JSON-RPC Request Error - Requested Method: server.database.list, Code: -32602, Message: Unauthorized
2023-11-21 13:29:32,253 [websockets.py:on_close()] - Websocket Closed: ID: 3872220688 Close Code: 1001, Close Reason: None, Pong Time Elapsed: 3.43
2023-11-21 13:31:37,770 [websockets.py:prepare()] - Websocket Failed Authentication: HTTP 401: Unauthorized (Unauthorized)
2023-11-21 13:31:37,773 [app.py:log_request()] - 101 GET /websocket (100.124.82.160) [No User] 7.74ms
2023-11-21 13:31:37,774 [websockets.py:open()] - Websocket Opened: ID: 3872220976, Proxied: True, User Agent: Mozilla/5.0 (Linux; Android 10; K) AppleWebKit/537.36 (KHTML, like Gecko) Chrome/119.0.0.0 Mobile Safari/537.36, Host Name: 100.67.7.121
2023-11-21 13:31:37,957 [common.py:build_error()] - JSON-RPC Request Error - Requested Method: server.connection.identify, Code: -32602, Message: Unauthorized
2023-11-21 13:31:37,961 [common.py:build_error()] - JSON-RPC Request Error - Requested Method: server.info, Code: -32602, Message: Unauthorized
2023-11-21 13:31:37,971 [common.py:build_error()] - JSON-RPC Request Error - Requested Method: server.config, Code: -32602, Message: Unauthorized
2023-11-21 13:31:37,972 [common.py:build_error()] - JSON-RPC Request Error - Requested Method: machine.system_info, Code: -32602, Message: Unauthorized
2023-11-21 13:31:37,973 [common.py:build_error()] - JSON-RPC Request Error - Requested Method: machine.proc_stats, Code: -32602, Message: Unauthorized
2023-11-21 13:31:37,977 [common.py:build_error()] - JSON-RPC Request Error - Requested Method: server.database.list, Code: -32602, Message: Unauthorized
2023-11-21 13:36:43,353 [websockets.py:on_close()] - Websocket Closed: ID: 3872220976 Close Code: None, Close Reason: None, Pong Time Elapsed: 5.28
2023-11-21 13:40:13,068 [websockets.py:on_close()] - Websocket Closed: ID: 3872222800 Close Code: 1001, Close Reason: None, Pong Time Elapsed: 0.06
2023-11-21 13:40:13,492 [websockets.py:prepare()] - Websocket Failed Authentication: HTTP 401: Unauthorized (Unauthorized)
2023-11-21 13:40:13,496 [app.py:log_request()] - 101 GET /websocket (100.83.41.139) [No User] 10.34ms
2023-11-21 13:40:13,497 [websockets.py:open()] - Websocket Opened: ID: 3872222800, Proxied: True, User Agent: Mozilla/5.0 (Windows NT 10.0; Win64; x64) AppleWebKit/537.36 (KHTML, like Gecko) Chrome/119.0.0.0 Safari/537.36, Host Name: 100.67.7.121
2023-11-21 13:40:13,678 [common.py:build_error()] - JSON-RPC Request Error - Requested Method: server.connection.identify, Code: -32602, Message: Unauthorized
2023-11-21 13:40:13,679 [common.py:build_error()] - JSON-RPC Request Error - Requested Method: server.info, Code: -32602, Message: Unauthorized
2023-11-21 13:40:13,682 [common.py:build_error()] - JSON-RPC Request Error - Requested Method: server.config, Code: -32602, Message: Unauthorized
2023-11-21 13:40:13,690 [common.py:build_error()] - JSON-RPC Request Error - Requested Method: machine.system_info, Code: -32602, Message: Unauthorized
2023-11-21 13:40:13,691 [common.py:build_error()] - JSON-RPC Request Error - Requested Method: machine.proc_stats, Code: -32602, Message: Unauthorized
2023-11-21 13:40:13,692 [common.py:build_error()] - JSON-RPC Request Error - Requested Method: server.database.list, Code: -32602, Message: Unauthorized
2023-11-21 13:40:34,053 [websockets.py:prepare()] - Websocket Failed Authentication: HTTP 401: Unauthorized (Unauthorized)
2023-11-21 13:40:34,059 [app.py:log_request()] - 101 GET /websocket (100.83.41.139) [No User] 10.45ms
2023-11-21 13:40:34,060 [websockets.py:open()] - Websocket Opened: ID: 3872223208, Proxied: True, User Agent: Mozilla/5.0 (Windows NT 10.0; Win64; x64) AppleWebKit/537.36 (KHTML, like Gecko) Chrome/119.0.0.0 Safari/537.36, Host Name: magna-notebook.buffalo-emperor.ts.net
2023-11-21 13:40:34,243 [common.py:build_error()] - JSON-RPC Request Error - Requested Method: server.connection.identify, Code: -32602, Message: Unauthorized
2023-11-21 13:40:34,244 [common.py:build_error()] - JSON-RPC Request Error - Requested Method: server.info, Code: -32602, Message: Unauthorized
2023-11-21 13:40:34,245 [common.py:build_error()] - JSON-RPC Request Error - Requested Method: server.config, Code: -32602, Message: Unauthorized
2023-11-21 13:40:34,246 [common.py:build_error()] - JSON-RPC Request Error - Requested Method: machine.system_info, Code: -32602, Message: Unauthorized
2023-11-21 13:40:34,247 [common.py:build_error()] - JSON-RPC Request Error - Requested Method: machine.proc_stats, Code: -32602, Message: Unauthorized
2023-11-21 13:40:34,248 [common.py:build_error()] - JSON-RPC Request Error - Requested Method: server.database.list, Code: -32602, Message: Unauthorized
2023-11-21 13:40:41,766 [websockets.py:on_close()] - Websocket Closed: ID: 3872222800 Close Code: 1001, Close Reason: None, Pong Time Elapsed: 8.10
2023-11-21 13:41:32,136 [server.py:_handle_term_signal()] - Exiting with signal SIGTERM
2023-11-21 13:41:32,255 [websockets.py:on_close()] - Websocket Closed: ID: 3910264696 Close Code: 1000, Close Reason: None, Pong Time Elapsed: 5.68
2023-11-21 13:41:32,412 [websockets.py:on_close()] - Websocket Closed: ID: 3872223208 Close Code: 1001, Close Reason: Server Shutdown, Pong Time Elapsed: 8.18
2023-11-21 13:41:32,417 [klippy_connection.py:_on_connection_closed()] - Klippy Connection Removed
2023-11-21 13:41:32,471 [database.py:close()] - Database statistics:

announcements:
psize: 4096
depth: 0
branch_pages: 0
leaf_pages: 0
overflow_pages: 0
entries: 0
authorized_users:
psize: 4096
depth: 1
branch_pages: 0
leaf_pages: 1
overflow_pages: 0
entries: 1
gcode_metadata:
psize: 4096
depth: 2
branch_pages: 1
leaf_pages: 2
overflow_pages: 0
entries: 9
history:
psize: 4096
depth: 2
branch_pages: 1
leaf_pages: 3
overflow_pages: 0
entries: 12
mainsail:
psize: 4096
depth: 1
branch_pages: 0
leaf_pages: 1
overflow_pages: 0
entries: 7
moonraker:
psize: 4096
depth: 1
branch_pages: 0
leaf_pages: 1
overflow_pages: 0
entries: 7
update_manager:
psize: 4096
depth: 2
branch_pages: 1
leaf_pages: 3
overflow_pages: 0
entries: 9
webcams:
psize: 4096
depth: 1
branch_pages: 0
leaf_pages: 1
overflow_pages: 0
entries: 1
2023-11-21 13:41:32,718 [server.py:main()] - Server Shutdown
-------------------- Log Start | Tue Nov 21 16:41:34 2023 --------------------
data_path: /home/admin/printer_data
is_default_data_path: False
config_file: /home/admin/printer_data/config/moonraker.conf
startup_warnings: []
verbose: False
debug: False
asyncio_debug: False
is_backup_config: False
is_python_package: False
instance_uuid: ca3e01a4249f41f98f392e3d1d41e2ad
unix_socket_path: /home/admin/printer_data/comms/moonraker.sock
software_version: v0.8.0-202-gdddd968
git_branch: master
git_remote: origin
git_repo_url: https://github.com/Arksine/moonraker.git
modified_files: []
unofficial_components: []
log_file: /home/admin/printer_data/logs/moonraker.log
python_version: 3.9.2 (default, Feb 28 2021, 17:03:44)  [GCC 10.2.1 20210110]
msgspec_enabled: False
uvloop_enabled: False
2023-11-21 13:41:34,546 [confighelper.py:read_file()] - Configuration File '/home/admin/printer_data/config/moonraker.conf' parsed, total size: 1726 B
2023-11-21 13:41:34,547 [server.py:add_log_rollover_item()] - 
#################### Moonraker Configuration ####################

[server]
host = 0.0.0.0
port = 7125
klippy_uds_address = /home/admin/printer_data/comms/klippy.sock

[authorization]
trusted_clients = 
	10.0.0.0/8
	127.0.0.0/8
	169.254.0.0/16
	172.16.0.0/12
	192.168.0.0/16
	FE80::/10
	::1/128
	100.67.7.121
	100.83.41.139
	100.124.82.160
cors_domains = 
	*.lan
	*.local
	*://localhost
	*://localhost:*
	*://my.mainsail.xyz
	*://app.fluidd.xyz

[octoprint_compat]

[history]

[file_manager]
enable_object_processing = True

[update_manager]
channel = dev
refresh_interval = 168

[update_manager mainsail-config]
type = git_repo
primary_branch = master
path = ~/mainsail-config
origin = https://github.com/mainsail-crew/mainsail-config.git
managed_services = klipper

[update_manager mainsail]
type = web
channel = stable
repo = mainsail-crew/mainsail
path = ~/mainsail

[update_manager crowsnest]
type = git_repo
path = ~/crowsnest
origin = https://github.com/mainsail-crew/crowsnest.git
managed_services = crowsnest
install_script = tools/pkglist.sh

[update_manager moonraker-telegram-bot]
type = git_repo
path = ~/moonraker-telegram-bot
origin = https://github.com/nlef/moonraker-telegram-bot.git
env = ~/moonraker-telegram-bot-env/bin/python
requirements = scripts/requirements.txt
install_script = scripts/install.sh

[update_manager client klipper-backup]
type = git_repo
path = ~/klipper-backup
origin = https://github.com/Staubgeborener/klipper-backup.git
install_script = install.sh
is_system_service = False
primary_branch = main

[update_manager Klipper-Adaptive-Meshing-Purging]
type = git_repo
channel = dev
path = ~/Klipper-Adaptive-Meshing-Purging
origin = https://github.com/kyleisah/Klipper-Adaptive-Meshing-Purging.git
managed_services = klipper
primary_branch = main

#################################################################
All Configuration Files:
/home/admin/printer_data/config/moonraker.conf
#################################################################
2023-11-21 13:41:34,626 [app.py:register_local_handler()] - Registering HTTP Endpoint: (POST) /server/logs/rollover
2023-11-21 13:41:34,627 [websockets.py:register_api_handler()] - Registering Websocket JSON-RPC methods: server.logs.rollover
2023-11-21 13:41:34,628 [app.py:register_local_handler()] - Registering HTTP Endpoint: (GET) /server/info
2023-11-21 13:41:34,629 [websockets.py:register_api_handler()] - Registering Websocket JSON-RPC methods: server.info
2023-11-21 13:41:34,630 [app.py:register_local_handler()] - Registering HTTP Endpoint: (GET) /server/config
2023-11-21 13:41:34,631 [websockets.py:register_api_handler()] - Registering Websocket JSON-RPC methods: server.config
2023-11-21 13:41:34,636 [app.py:register_local_handler()] - Registering HTTP Endpoint: (POST) /server/restart
2023-11-21 13:41:34,637 [websockets.py:register_api_handler()] - Registering Websocket JSON-RPC methods: server.restart
2023-11-21 13:41:34,748 [server.py:load_component()] - Component (dbus_manager) loaded
2023-11-21 13:41:34,779 [server.py:add_log_rollover_item()] - Unsafe Shutdown Count: 2
2023-11-21 13:41:34,836 [app.py:register_local_handler()] - Registering HTTP Endpoint: (GET) /server/database/list
2023-11-21 13:41:34,837 [websockets.py:register_api_handler()] - Registering Websocket JSON-RPC methods: server.database.list
2023-11-21 13:41:34,837 [app.py:register_local_handler()] - Registering HTTP Endpoint: (GET POST DELETE) /server/database/item
2023-11-21 13:41:34,838 [websockets.py:register_api_handler()] - Registering Websocket JSON-RPC methods: server.database.get_item, server.database.post_item, server.database.delete_item
2023-11-21 13:41:34,838 [server.py:load_component()] - Component (database) loaded
2023-11-21 13:41:34,897 [file_manager.py:__init__()] - Using File System Observer: inotify
2023-11-21 13:41:34,967 [app.py:register_local_handler()] - Registering HTTP Endpoint: (GET) /server/files/list
2023-11-21 13:41:34,968 [websockets.py:register_api_handler()] - Registering Websocket JSON-RPC methods: server.files.list
2023-11-21 13:41:34,968 [app.py:register_local_handler()] - Registering HTTP Endpoint: (GET) /server/files/metadata
2023-11-21 13:41:34,969 [websockets.py:register_api_handler()] - Registering Websocket JSON-RPC methods: server.files.metadata
2023-11-21 13:41:34,969 [app.py:register_local_handler()] - Registering HTTP Endpoint: (POST) /server/files/metascan
2023-11-21 13:41:34,970 [websockets.py:register_api_handler()] - Registering Websocket JSON-RPC methods: server.files.metascan
2023-11-21 13:41:34,970 [app.py:register_local_handler()] - Registering HTTP Endpoint: (GET) /server/files/thumbnails
2023-11-21 13:41:34,971 [websockets.py:register_api_handler()] - Registering Websocket JSON-RPC methods: server.files.thumbnails
2023-11-21 13:41:34,971 [app.py:register_local_handler()] - Registering HTTP Endpoint: (GET) /server/files/roots
2023-11-21 13:41:34,972 [websockets.py:register_api_handler()] - Registering Websocket JSON-RPC methods: server.files.roots
2023-11-21 13:41:34,973 [app.py:register_local_handler()] - Registering HTTP Endpoint: (GET POST DELETE) /server/files/directory
2023-11-21 13:41:34,974 [websockets.py:register_api_handler()] - Registering Websocket JSON-RPC methods: server.files.get_directory, server.files.post_directory, server.files.delete_directory
2023-11-21 13:41:34,974 [app.py:register_local_handler()] - Registering HTTP Endpoint: (POST) /server/files/move
2023-11-21 13:41:34,975 [websockets.py:register_api_handler()] - Registering Websocket JSON-RPC methods: server.files.move
2023-11-21 13:41:34,975 [app.py:register_local_handler()] - Registering HTTP Endpoint: (POST) /server/files/copy
2023-11-21 13:41:34,976 [websockets.py:register_api_handler()] - Registering Websocket JSON-RPC methods: server.files.copy
2023-11-21 13:41:34,976 [app.py:register_local_handler()] - Registering HTTP Endpoint: (POST) /server/files/zip
2023-11-21 13:41:34,976 [websockets.py:register_api_handler()] - Registering Websocket JSON-RPC methods: server.files.zip
2023-11-21 13:41:34,977 [websockets.py:register_api_handler()] - Registering Websocket JSON-RPC methods: server.files.delete_file
2023-11-21 13:41:34,989 [server.py:load_component()] - Component (file_manager) loaded
2023-11-21 13:41:34,994 [app.py:register_local_handler()] - Registering HTTP Endpoint: (POST) /printer/print/pause
2023-11-21 13:41:34,995 [websockets.py:register_api_handler()] - Registering Websocket JSON-RPC methods: printer.print.pause
2023-11-21 13:41:34,995 [app.py:register_local_handler()] - Registering HTTP Endpoint: (POST) /printer/print/resume
2023-11-21 13:41:34,996 [websockets.py:register_api_handler()] - Registering Websocket JSON-RPC methods: printer.print.resume
2023-11-21 13:41:34,996 [app.py:register_local_handler()] - Registering HTTP Endpoint: (POST) /printer/print/cancel
2023-11-21 13:41:34,997 [websockets.py:register_api_handler()] - Registering Websocket JSON-RPC methods: printer.print.cancel
2023-11-21 13:41:34,997 [app.py:register_local_handler()] - Registering HTTP Endpoint: (POST) /printer/print/start
2023-11-21 13:41:34,999 [websockets.py:register_api_handler()] - Registering Websocket JSON-RPC methods: printer.print.start
2023-11-21 13:41:34,999 [app.py:register_local_handler()] - Registering HTTP Endpoint: (POST) /printer/restart
2023-11-21 13:41:35,000 [websockets.py:register_api_handler()] - Registering Websocket JSON-RPC methods: printer.restart
2023-11-21 13:41:35,000 [app.py:register_local_handler()] - Registering HTTP Endpoint: (POST) /printer/firmware_restart
2023-11-21 13:41:35,001 [websockets.py:register_api_handler()] - Registering Websocket JSON-RPC methods: printer.firmware_restart
2023-11-21 13:41:35,001 [server.py:load_component()] - Component (klippy_apis) loaded
2023-11-21 13:41:35,304 [server.py:load_component()] - Component (secrets) loaded
2023-11-21 13:41:35,321 [server.py:load_component()] - Component (template) loaded
2023-11-21 13:41:35,492 [server.py:add_log_rollover_item()] - 
System Info:

***python***
  version: (3, 9, 2, 'final', 0)
  version_string: 3.9.2 (default, Feb 28 2021, 17:03:44)  [GCC 10.2.1 20210110]

***cpu_info***
  cpu_count: 2
  bits: 32bit
  processor: x86_64
  cpu_desc: Intel(R) Atom(TM) CPU N450   @ 1.66GHz
  serial_number: 
  hardware_desc: 
  model: 
  total_memory: 2007848
  memory_units: kB

***sd_info***

***distribution***
  name: Debian GNU/Linux 11 (bullseye)
  id: debian
  version: 11
  version_parts: {'major': '11', 'minor': '', 'build_number': ''}
  like: 
  codename: bullseye
  release_info: {}

***virtualization***
  virt_type: none
  virt_identifier: none

***network***

***canbus***

***Allowed Services***
  klipper_mcu
  webcamd
  MoonCord
  KlipperScreen
  moonraker-telegram-bot
  moonraker-obico
  sonar
  crowsnest
  octoeverywhere
  ratos-configurator
2023-11-21 13:41:35,497 [server.py:load_component()] - Component (shell_command) loaded
2023-11-21 13:41:35,498 [machine.py:__init__()] - Using System Provider: systemd_dbus
2023-11-21 13:41:35,499 [app.py:register_local_handler()] - Registering HTTP Endpoint: (POST) /machine/reboot
2023-11-21 13:41:35,501 [websockets.py:register_api_handler()] - Registering Websocket JSON-RPC methods: machine.reboot
2023-11-21 13:41:35,502 [app.py:register_local_handler()] - Registering HTTP Endpoint: (POST) /machine/shutdown
2023-11-21 13:41:35,506 [websockets.py:register_api_handler()] - Registering Websocket JSON-RPC methods: machine.shutdown
2023-11-21 13:41:35,506 [app.py:register_local_handler()] - Registering HTTP Endpoint: (POST) /machine/services/restart
2023-11-21 13:41:35,508 [websockets.py:register_api_handler()] - Registering Websocket JSON-RPC methods: machine.services.restart
2023-11-21 13:41:35,508 [app.py:register_local_handler()] - Registering HTTP Endpoint: (POST) /machine/services/stop
2023-11-21 13:41:35,509 [websockets.py:register_api_handler()] - Registering Websocket JSON-RPC methods: machine.services.stop
2023-11-21 13:41:35,510 [app.py:register_local_handler()] - Registering HTTP Endpoint: (POST) /machine/services/start
2023-11-21 13:41:35,511 [websockets.py:register_api_handler()] - Registering Websocket JSON-RPC methods: machine.services.start
2023-11-21 13:41:35,514 [app.py:register_local_handler()] - Registering HTTP Endpoint: (GET) /machine/system_info
2023-11-21 13:41:35,516 [websockets.py:register_api_handler()] - Registering Websocket JSON-RPC methods: machine.system_info
2023-11-21 13:41:35,516 [app.py:register_local_handler()] - Registering HTTP Endpoint: (GET) /machine/sudo/info
2023-11-21 13:41:35,517 [websockets.py:register_api_handler()] - Registering Websocket JSON-RPC methods: machine.sudo.info
2023-11-21 13:41:35,518 [app.py:register_local_handler()] - Registering HTTP Endpoint: (POST) /machine/sudo/password
2023-11-21 13:41:35,519 [websockets.py:register_api_handler()] - Registering Websocket JSON-RPC methods: machine.sudo.password
2023-11-21 13:41:35,524 [server.py:load_component()] - Component (machine) loaded
2023-11-21 13:41:35,528 [app.py:register_local_handler()] - Registering HTTP Endpoint: (GET) /server/temperature_store
2023-11-21 13:41:35,530 [websockets.py:register_api_handler()] - Registering Websocket JSON-RPC methods: server.temperature_store
2023-11-21 13:41:35,531 [app.py:register_local_handler()] - Registering HTTP Endpoint: (GET) /server/gcode_store
2023-11-21 13:41:35,532 [websockets.py:register_api_handler()] - Registering Websocket JSON-RPC methods: server.gcode_store
2023-11-21 13:41:35,532 [server.py:load_component()] - Component (data_store) loaded
2023-11-21 13:41:35,546 [proc_stats.py:__init__()] - Unable to find 'vcgencmd', throttle checking disabled
2023-11-21 13:41:35,547 [app.py:register_local_handler()] - Registering HTTP Endpoint: (GET) /machine/proc_stats
2023-11-21 13:41:35,549 [websockets.py:register_api_handler()] - Registering Websocket JSON-RPC methods: machine.proc_stats
2023-11-21 13:41:35,549 [server.py:load_component()] - Component (proc_stats) loaded
2023-11-21 13:41:35,554 [server.py:load_component()] - Component (job_state) loaded
2023-11-21 13:41:35,558 [app.py:register_local_handler()] - Registering HTTP Endpoint: (POST DELETE) /server/job_queue/job
2023-11-21 13:41:35,560 [websockets.py:register_api_handler()] - Registering Websocket JSON-RPC methods: server.job_queue.post_job, server.job_queue.delete_job
2023-11-21 13:41:35,560 [app.py:register_local_handler()] - Registering HTTP Endpoint: (POST) /server/job_queue/pause
2023-11-21 13:41:35,561 [websockets.py:register_api_handler()] - Registering Websocket JSON-RPC methods: server.job_queue.pause
2023-11-21 13:41:35,562 [app.py:register_local_handler()] - Registering HTTP Endpoint: (POST) /server/job_queue/start
2023-11-21 13:41:35,563 [websockets.py:register_api_handler()] - Registering Websocket JSON-RPC methods: server.job_queue.start
2023-11-21 13:41:35,575 [app.py:register_local_handler()] - Registering HTTP Endpoint: (GET) /server/job_queue/status
2023-11-21 13:41:35,576 [websockets.py:register_api_handler()] - Registering Websocket JSON-RPC methods: server.job_queue.status
2023-11-21 13:41:35,576 [app.py:register_local_handler()] - Registering HTTP Endpoint: (POST) /server/job_queue/jump
2023-11-21 13:41:35,578 [websockets.py:register_api_handler()] - Registering Websocket JSON-RPC methods: server.job_queue.jump
2023-11-21 13:41:35,578 [server.py:load_component()] - Component (job_queue) loaded
2023-11-21 13:41:35,597 [server.py:load_component()] - Component (http_client) loaded
2023-11-21 13:41:35,602 [app.py:register_local_handler()] - Registering HTTP Endpoint: (GET) /server/announcements/list
2023-11-21 13:41:35,603 [websockets.py:register_api_handler()] - Registering Websocket JSON-RPC methods: server.announcements.list
2023-11-21 13:41:35,603 [app.py:register_local_handler()] - Registering HTTP Endpoint: (POST) /server/announcements/dismiss
2023-11-21 13:41:35,604 [websockets.py:register_api_handler()] - Registering Websocket JSON-RPC methods: server.announcements.dismiss
2023-11-21 13:41:35,604 [app.py:register_local_handler()] - Registering HTTP Endpoint: (POST) /server/announcements/update
2023-11-21 13:41:35,605 [websockets.py:register_api_handler()] - Registering Websocket JSON-RPC methods: server.announcements.update
2023-11-21 13:41:35,605 [app.py:register_local_handler()] - Registering HTTP Endpoint: (POST DELETE) /server/announcements/feed
2023-11-21 13:41:35,606 [websockets.py:register_api_handler()] - Registering Websocket JSON-RPC methods: server.announcements.post_feed, server.announcements.delete_feed
2023-11-21 13:41:35,606 [app.py:register_local_handler()] - Registering HTTP Endpoint: (GET) /server/announcements/feeds
2023-11-21 13:41:35,607 [websockets.py:register_api_handler()] - Registering Websocket JSON-RPC methods: server.announcements.feeds
2023-11-21 13:41:35,608 [server.py:load_component()] - Component (announcements) loaded
2023-11-21 13:41:35,612 [app.py:register_local_handler()] - Registering HTTP Endpoint: (GET) /server/webcams/list
2023-11-21 13:41:35,613 [websockets.py:register_api_handler()] - Registering Websocket JSON-RPC methods: server.webcams.list
2023-11-21 13:41:35,613 [app.py:register_local_handler()] - Registering HTTP Endpoint: (GET POST DELETE) /server/webcams/item
2023-11-21 13:41:35,614 [websockets.py:register_api_handler()] - Registering Websocket JSON-RPC methods: server.webcams.get_item, server.webcams.post_item, server.webcams.delete_item
2023-11-21 13:41:35,614 [app.py:register_local_handler()] - Registering HTTP Endpoint: (POST) /server/webcams/test
2023-11-21 13:41:35,615 [websockets.py:register_api_handler()] - Registering Websocket JSON-RPC methods: server.webcams.test
2023-11-21 13:41:35,616 [server.py:load_component()] - Component (webcam) loaded
2023-11-21 13:41:35,618 [websockets.py:register_api_handler()] - Registering Websocket JSON-RPC methods: connection.register_remote_method
2023-11-21 13:41:35,619 [websockets.py:register_api_handler()] - Registering Websocket JSON-RPC methods: connection.send_event
2023-11-21 13:41:35,619 [app.py:register_local_handler()] - Registering HTTP Endpoint: (GET) /server/extensions/list
2023-11-21 13:41:35,620 [websockets.py:register_api_handler()] - Registering Websocket JSON-RPC methods: server.extensions.list
2023-11-21 13:41:35,620 [app.py:register_local_handler()] - Registering HTTP Endpoint: (POST) /server/extensions/request
2023-11-21 13:41:35,621 [websockets.py:register_api_handler()] - Registering Websocket JSON-RPC methods: server.extensions.request
2023-11-21 13:41:35,621 [server.py:load_component()] - Component (extensions) loaded
2023-11-21 13:41:35,678 [authorization.py:__init__()] - Authorization Configuration Loaded
Trusted Clients:
100.67.7.121
100.83.41.139
100.124.82.160
10.0.0.0/8
127.0.0.0/8
169.254.0.0/16
172.16.0.0/12
192.168.0.0/16
fe80::/10
::1/128
CORS Domains:
.*\.lan
.*\.local
.*://localhost
.*://localhost:.*
.*://my\.mainsail\.xyz
.*://app\.fluidd\.xyz
2023-11-21 13:41:35,679 [app.py:register_local_handler()] - Registering HTTP Endpoint: (POST) /access/login
2023-11-21 13:41:35,680 [websockets.py:register_api_handler()] - Registering Websocket JSON-RPC methods: access.login
2023-11-21 13:41:35,680 [app.py:register_local_handler()] - Registering HTTP Endpoint: (POST) /access/logout
2023-11-21 13:41:35,681 [websockets.py:register_api_handler()] - Registering Websocket JSON-RPC methods: access.logout
2023-11-21 13:41:35,682 [app.py:register_local_handler()] - Registering HTTP Endpoint: (POST) /access/refresh_jwt
2023-11-21 13:41:35,683 [websockets.py:register_api_handler()] - Registering Websocket JSON-RPC methods: access.refresh_jwt
2023-11-21 13:41:35,684 [app.py:register_local_handler()] - Registering HTTP Endpoint: (GET POST DELETE) /access/user
2023-11-21 13:41:35,685 [websockets.py:register_api_handler()] - Registering Websocket JSON-RPC methods: access.get_user, access.post_user, access.delete_user
2023-11-21 13:41:35,685 [app.py:register_local_handler()] - Registering HTTP Endpoint: (GET) /access/users/list
2023-11-21 13:41:35,687 [websockets.py:register_api_handler()] - Registering Websocket JSON-RPC methods: access.users.list
2023-11-21 13:41:35,687 [app.py:register_local_handler()] - Registering HTTP Endpoint: (POST) /access/user/password
2023-11-21 13:41:35,688 [websockets.py:register_api_handler()] - Registering Websocket JSON-RPC methods: access.user.password
2023-11-21 13:41:35,689 [app.py:register_local_handler()] - Registering HTTP Endpoint: (GET POST) /access/api_key
2023-11-21 13:41:35,690 [websockets.py:register_api_handler()] - Registering Websocket JSON-RPC methods: access.get_api_key, access.post_api_key
2023-11-21 13:41:35,691 [app.py:register_local_handler()] - Registering HTTP Endpoint: (GET) /access/oneshot_token
2023-11-21 13:41:35,692 [websockets.py:register_api_handler()] - Registering Websocket JSON-RPC methods: access.oneshot_token
2023-11-21 13:41:35,692 [app.py:register_local_handler()] - Registering HTTP Endpoint: (GET) /access/info
2023-11-21 13:41:35,693 [websockets.py:register_api_handler()] - Registering Websocket JSON-RPC methods: access.info
2023-11-21 13:41:35,694 [server.py:load_component()] - Component (authorization) loaded
2023-11-21 13:41:35,698 [app.py:register_local_handler()] - Registering HTTP Endpoint: (GET) /api/version
2023-11-21 13:41:35,700 [app.py:register_local_handler()] - Registering HTTP Endpoint: (GET) /api/server
2023-11-21 13:41:35,701 [app.py:register_local_handler()] - Registering HTTP Endpoint: (POST) /api/login
2023-11-21 13:41:35,701 [app.py:register_local_handler()] - Registering HTTP Endpoint: (GET) /api/currentuser
2023-11-21 13:41:35,703 [app.py:register_local_handler()] - Registering HTTP Endpoint: (GET) /api/settings
2023-11-21 13:41:35,704 [app.py:register_local_handler()] - Registering HTTP Endpoint: (GET) /api/job
2023-11-21 13:41:35,705 [app.py:register_local_handler()] - Registering HTTP Endpoint: (GET) /api/printer
2023-11-21 13:41:35,705 [app.py:register_local_handler()] - Registering HTTP Endpoint: (POST) /api/printer/command
2023-11-21 13:41:35,707 [app.py:register_local_handler()] - Registering HTTP Endpoint: (GET) /api/printerprofiles
2023-11-21 13:41:35,709 [app.py:register_local_handler()] - Registering HTTP Endpoint: (POST) /api/files/moonraker/(?P<relative_path>.+)
2023-11-21 13:41:35,710 [server.py:load_component()] - Component (octoprint_compat) loaded
2023-11-21 13:41:35,862 [base_deploy.py:log_info()] - Git Repo moonraker: Detected virtualenv: /home/admin/moonraker-env
2023-11-21 13:41:35,869 [base_deploy.py:log_info()] - Git Repo klipper: Detected virtualenv: /home/admin/klippy-env
2023-11-21 13:41:35,882 [base_deploy.py:log_info()] - Git Repo moonraker-telegram-bot: Option 'env' is deprecated, use 'virtualenv' instead.
2023-11-21 13:41:35,884 [base_deploy.py:log_info()] - Git Repo moonraker-telegram-bot: Detected virtualenv: /home/admin/moonraker-telegram-bot-env
2023-11-21 13:41:35,893 [app.py:register_local_handler()] - Registering HTTP Endpoint: (POST) /machine/update/moonraker
2023-11-21 13:41:35,894 [websockets.py:register_api_handler()] - Registering Websocket JSON-RPC methods: machine.update.moonraker
2023-11-21 13:41:35,895 [app.py:register_local_handler()] - Registering HTTP Endpoint: (POST) /machine/update/klipper
2023-11-21 13:41:35,896 [websockets.py:register_api_handler()] - Registering Websocket JSON-RPC methods: machine.update.klipper
2023-11-21 13:41:35,896 [app.py:register_local_handler()] - Registering HTTP Endpoint: (POST) /machine/update/system
2023-11-21 13:41:35,896 [websockets.py:register_api_handler()] - Registering Websocket JSON-RPC methods: machine.update.system
2023-11-21 13:41:35,897 [app.py:register_local_handler()] - Registering HTTP Endpoint: (POST) /machine/update/client
2023-11-21 13:41:35,897 [websockets.py:register_api_handler()] - Registering Websocket JSON-RPC methods: machine.update.client
2023-11-21 13:41:35,898 [app.py:register_local_handler()] - Registering HTTP Endpoint: (POST) /machine/update/full
2023-11-21 13:41:35,899 [websockets.py:register_api_handler()] - Registering Websocket JSON-RPC methods: machine.update.full
2023-11-21 13:41:35,900 [app.py:register_local_handler()] - Registering HTTP Endpoint: (GET) /machine/update/status
2023-11-21 13:41:35,900 [websockets.py:register_api_handler()] - Registering Websocket JSON-RPC methods: machine.update.status
2023-11-21 13:41:35,901 [app.py:register_local_handler()] - Registering HTTP Endpoint: (POST) /machine/update/refresh
2023-11-21 13:41:35,901 [websockets.py:register_api_handler()] - Registering Websocket JSON-RPC methods: machine.update.refresh
2023-11-21 13:41:35,902 [app.py:register_local_handler()] - Registering HTTP Endpoint: (POST) /machine/update/recover
2023-11-21 13:41:35,902 [websockets.py:register_api_handler()] - Registering Websocket JSON-RPC methods: machine.update.recover
2023-11-21 13:41:35,903 [app.py:register_local_handler()] - Registering HTTP Endpoint: (POST) /machine/update/rollback
2023-11-21 13:41:35,904 [websockets.py:register_api_handler()] - Registering Websocket JSON-RPC methods: machine.update.rollback
2023-11-21 13:41:35,904 [server.py:load_component()] - Component (update_manager) loaded
2023-11-21 13:41:35,907 [app.py:register_local_handler()] - Registering HTTP Endpoint: (GET DELETE) /server/history/job
2023-11-21 13:41:35,908 [websockets.py:register_api_handler()] - Registering Websocket JSON-RPC methods: server.history.get_job, server.history.delete_job
2023-11-21 13:41:35,908 [app.py:register_local_handler()] - Registering HTTP Endpoint: (GET) /server/history/list
2023-11-21 13:41:35,909 [websockets.py:register_api_handler()] - Registering Websocket JSON-RPC methods: server.history.list
2023-11-21 13:41:35,910 [app.py:register_local_handler()] - Registering HTTP Endpoint: (GET) /server/history/totals
2023-11-21 13:41:35,911 [websockets.py:register_api_handler()] - Registering Websocket JSON-RPC methods: server.history.totals
2023-11-21 13:41:35,911 [app.py:register_local_handler()] - Registering HTTP Endpoint: (POST) /server/history/reset_totals
2023-11-21 13:41:35,912 [websockets.py:register_api_handler()] - Registering Websocket JSON-RPC methods: server.history.reset_totals
2023-11-21 13:41:35,913 [server.py:load_component()] - Component (history) loaded
2023-11-21 13:41:35,930 [server.py:_initialize_component()] - Performing Component Post Init: [dbus_manager]
2023-11-21 13:41:35,964 [server.py:_initialize_component()] - Performing Component Post Init: [file_manager]
2023-11-21 13:41:36,019 [server.py:_initialize_component()] - Performing Component Post Init: [machine]
2023-11-21 13:41:36,019 [machine.py:validation_init()] - Installation version in database up to date
2023-11-21 13:41:36,543 [machine.py:check_virt_status()] - No Virtualization Detected
2023-11-21 13:41:36,564 [machine.py:_find_public_ip()] - Detected Local IP: 192.168.1.33
2023-11-21 13:41:36,568 [webcam.py:_set_default_host_ip()] - Default public webcam address set: http://192.168.1.33
2023-11-21 13:41:36,699 [server.py:add_log_rollover_item()] - 
Systemd unit moonraker.service:
unit_name: moonraker.service
is_default: True
manager: systemd
Properties:
**Requires=['-.mount', 'network-online.target', 'system.slice', 'sysinit.target']
**After=['systemd-journald.socket', '-.mount', 'sysinit.target', 'system.slice', 'basic.target', 'network-online.target']
**SupplementaryGroups=['moonraker-admin']
**EnvironmentFiles=/home/admin/printer_data/systemd/moonraker.env
**ExecStart=/home/admin/moonraker-env/bin/python $MOONRAKER_ARGS
**WorkingDirectory=/home/admin/moonraker
**FragmentPath=/etc/systemd/system/moonraker.service
**Description=API Server for Klipper SV1
**User=admin
2023-11-21 13:41:36,699 [server.py:_initialize_component()] - Performing Component Post Init: [proc_stats]
2023-11-21 13:41:36,700 [server.py:_initialize_component()] - Performing Component Post Init: [announcements]
2023-11-21 13:41:36,702 [server.py:_initialize_component()] - Performing Component Post Init: [webcam]
2023-11-21 13:41:36,702 [webcam.py:_set_default_host_ip()] - Default public webcam address set: http://192.168.1.33
2023-11-21 13:41:36,703 [server.py:_initialize_component()] - Performing Component Post Init: [klippy_connection]
2023-11-21 13:41:36,704 [server.py:add_log_rollover_item()] - 
Systemd unit klipper.service:
unit_name: klipper.service
is_default: True
manager: systemd
Properties:
**Requires=['system.slice', '-.mount', 'sysinit.target']
**After=['basic.target', 'network-online.target', 'sysinit.target', 'systemd-journald.socket', '-.mount', 'system.slice']
**SupplementaryGroups=[]
**EnvironmentFiles=/home/admin/printer_data/systemd/klipper.env
**ExecStart=/home/admin/klippy-env/bin/python $KLIPPER_ARGS
**WorkingDirectory=/home/admin/klipper
**FragmentPath=/etc/systemd/system/klipper.service
**Description=Klipper 3D Printer Firmware SV1
**User=admin
2023-11-21 13:41:36,704 [server.py:_initialize_component()] - Performing Component Post Init: [authorization]
2023-11-21 13:41:36,704 [server.py:_initialize_component()] - Performing Component Post Init: [update_manager]
2023-11-21 13:41:36,812 [base_deploy.py:log_info()] - PackageDeploy: PackageKit Provider Configured
2023-11-21 13:41:37,365 [git_deploy.py:log_repo_info()] - Git Repo moonraker Detected:
Owner: Arksine
Repository Name: moonraker
Path: /home/admin/moonraker
Remote: origin
Branch: master
Remote URL: https://github.com/Arksine/moonraker.git
Recovery URL: https://github.com/Arksine/moonraker.git
Current Commit SHA: dddd968f82bf31155e295c170ebcce060d8d2cf9
Upstream Commit SHA: dddd968f82bf31155e295c170ebcce060d8d2cf9
Current Version: v0.8.0-202-gdddd968f
Upstream Version: v0.8.0-202-gdddd968f
Rollback Commit: 975011d19078c209ff5175698962ab12c10b1a07
Rollback Branch: master
Rollback Version: v0.8.0-197-g975011d1
Is Dirty: False
Is Detached: False
Is Shallow: False
Commits Behind Count: 0
Diverged: False
2023-11-21 13:41:37,932 [git_deploy.py:log_repo_info()] - Git Repo klipper Detected:
Owner: Klipper3d
Repository Name: klipper
Path: /home/admin/klipper
Remote: origin
Branch: master
Remote URL: https://github.com/Klipper3d/klipper
Recovery URL: https://github.com/Klipper3d/klipper
Current Commit SHA: 187cc2f1b89e3870d694f8db6a64b116992106b7
Upstream Commit SHA: 187cc2f1b89e3870d694f8db6a64b116992106b7
Current Version: v0.12.0-8-g187cc2f1
Upstream Version: v0.12.0-8-g187cc2f1
Rollback Commit: 0d67d9c45d2dc39f8b4be7d1bb54b94b2698a2b6
Rollback Branch: master
Rollback Version: v0.12.0-0-g0d67d9c4
Is Dirty: False
Is Detached: False
Is Shallow: False
Commits Behind Count: 0
Diverged: False
Repo Warnings:
  Repo has untracked source files: ['klippy/extras/gcode_shell_command.py']
2023-11-21 13:41:38,483 [git_deploy.py:log_repo_info()] - Git Repo mainsail-config Detected:
Owner: mainsail-crew
Repository Name: mainsail-config
Path: /home/admin/mainsail-config
Remote: origin
Branch: master
Remote URL: https://github.com/mainsail-crew/mainsail-config.git
Recovery URL: https://github.com/mainsail-crew/mainsail-config.git
Current Commit SHA: 76a9999986b03abb3aed272dc0a818f13a18ea7e
Upstream Commit SHA: 76a9999986b03abb3aed272dc0a818f13a18ea7e
Current Version: v1.1.0-1-g76a99999
Upstream Version: v1.1.0-1-g76a99999
Rollback Commit: 76a9999986b03abb3aed272dc0a818f13a18ea7e
Rollback Branch: master
Rollback Version: v1.1.0-1-g76a99999
Is Dirty: False
Is Detached: False
Is Shallow: False
Commits Behind Count: 0
Diverged: False
2023-11-21 13:41:38,492 [web_deploy.py:_log_client_info()] - Web Client mainsail Detected:
Repo: mainsail-crew/mainsail
Channel: stable
Path: /home/admin/mainsail
Local Version: v2.8.0
Remote Version: v2.8.0
Valid: True
Fallback Client Detected: False
Pre-release: False
Download Url: https://github.com/mainsail-crew/mainsail/releases/download/v2.8.0/mainsail.zip
Download Size: 2147663
Content Type: application/zip
Rollback Version: v2.8.0
Rollback Repo: mainsail-crew/mainsail
2023-11-21 13:41:39,044 [git_deploy.py:log_repo_info()] - Git Repo crowsnest Detected:
Owner: mainsail-crew
Repository Name: crowsnest
Path: /home/admin/crowsnest
Remote: origin
Branch: master
Remote URL: https://github.com/mainsail-crew/crowsnest.git
Recovery URL: https://github.com/mainsail-crew/crowsnest.git
Current Commit SHA: 380c1776207bc8d69f18daa651413e01fb879c74
Upstream Commit SHA: 380c1776207bc8d69f18daa651413e01fb879c74
Current Version: v4.1.0-1-g380c1776
Upstream Version: v4.1.0-1-g380c1776
Rollback Commit: 4050a3bcf846f2c97142f2569bdf3c9cabbd6f54
Rollback Branch: master
Rollback Version: v4.0.5-1-g4050a3bc
Is Dirty: False
Is Detached: False
Is Shallow: False
Commits Behind Count: 0
Diverged: False
2023-11-21 13:41:39,595 [git_deploy.py:log_repo_info()] - Git Repo moonraker-telegram-bot Detected:
Owner: nlef
Repository Name: moonraker-telegram-bot
Path: /home/admin/moonraker-telegram-bot
Remote: origin
Branch: master
Remote URL: https://github.com/nlef/moonraker-telegram-bot.git
Recovery URL: https://github.com/nlef/moonraker-telegram-bot.git
Current Commit SHA: b9b47003e13b8a23af696594aac8ba53c777f5a7
Upstream Commit SHA: b9b47003e13b8a23af696594aac8ba53c777f5a7
Current Version: v1.5-0-gb9b47003
Upstream Version: v1.5-0-gb9b47003
Rollback Commit: b9b47003e13b8a23af696594aac8ba53c777f5a7
Rollback Branch: master
Rollback Version: v1.5-0-gb9b47003
Is Dirty: False
Is Detached: False
Is Shallow: False
Commits Behind Count: 0
Diverged: False
2023-11-21 13:41:40,151 [git_deploy.py:log_repo_info()] - Git Repo klipper-backup Detected:
Owner: rogocal
Repository Name: magnase_klipper
Path: /home/admin/klipper-backup
Remote: origin
Branch: main
Remote URL: https://github.com/rogocal/magnase_klipper
Recovery URL: https://github.com/rogocal/magnase_klipper
Current Commit SHA: b6feb9b2f7386d4348856a84540a726ee50c97c9
Upstream Commit SHA: b6feb9b2f7386d4348856a84540a726ee50c97c9
Current Version: v0.0.0-11-gb6feb9b2-inferred
Upstream Version: v0.0.0-11-inferred
Rollback Commit: d747e4183f2e3067e61dc42d13b5404174c7a026
Rollback Branch: main
Rollback Version: v0.0.0-2-gd747e418-inferred
Is Dirty: False
Is Detached: False
Is Shallow: False
Commits Behind Count: 0
Diverged: False
Repo Warnings:
  Unofficial remote url: https://github.com/rogocal/magnase_klipper
2023-11-21 13:41:40,702 [git_deploy.py:log_repo_info()] - Git Repo Klipper-Adaptive-Meshing-Purging Detected:
Owner: kyleisah
Repository Name: Klipper-Adaptive-Meshing-Purging
Path: /home/admin/Klipper-Adaptive-Meshing-Purging
Remote: origin
Branch: main
Remote URL: https://github.com/kyleisah/Klipper-Adaptive-Meshing-Purging.git
Recovery URL: https://github.com/kyleisah/Klipper-Adaptive-Meshing-Purging.git
Current Commit SHA: 3eca87b784895ec7d8679f5dae56f1ffa975552b
Upstream Commit SHA: 3eca87b784895ec7d8679f5dae56f1ffa975552b
Current Version: v1.1.2-7-g3eca87b7
Upstream Version: v1.1.2-7-g3eca87b7
Rollback Commit: 3eca87b784895ec7d8679f5dae56f1ffa975552b
Rollback Branch: main
Rollback Version: v1.1.2-7-g3eca87b7
Is Dirty: False
Is Detached: False
Is Shallow: False
Commits Behind Count: 0
Diverged: False
2023-11-21 13:41:40,703 [base_deploy.py:log_info()] - PackageKit: Next refresh in: 6 Days, 3 Hours, 49 Minutes, 43 Seconds
2023-11-21 13:41:40,703 [base_deploy.py:log_info()] - Git Repo moonraker: Next refresh in: 6 Days, 3 Hours, 49 Minutes, 44 Seconds
2023-11-21 13:41:40,704 [base_deploy.py:log_info()] - Git Repo klipper: Next refresh in: 6 Days, 3 Hours, 49 Minutes, 46 Seconds
2023-11-21 13:41:40,704 [base_deploy.py:log_info()] - Git Repo mainsail-config: Next refresh in: 6 Days, 3 Hours, 49 Minutes, 48 Seconds
2023-11-21 13:41:40,704 [base_deploy.py:log_info()] - Web Client mainsail: Next refresh in: 6 Days, 3 Hours, 49 Minutes, 48 Seconds
2023-11-21 13:41:40,704 [base_deploy.py:log_info()] - Git Repo crowsnest: Next refresh in: 6 Days, 3 Hours, 49 Minutes, 50 Seconds
2023-11-21 13:41:40,704 [base_deploy.py:log_info()] - Git Repo moonraker-telegram-bot: Next refresh in: 6 Days, 3 Hours, 49 Minutes, 52 Seconds
2023-11-21 13:41:40,704 [base_deploy.py:log_info()] - Git Repo klipper-backup: Next refresh in: 6 Days, 3 Hours, 49 Minutes, 54 Seconds
2023-11-21 13:41:40,705 [base_deploy.py:log_info()] - Git Repo Klipper-Adaptive-Meshing-Purging: Next refresh in: 6 Days, 3 Hours, 49 Minutes, 55 Seconds
2023-11-21 13:41:40,721 [confighelper.py:create_backup()] - Backing up last working configuration to '/home/admin/printer_data/config/.moonraker.conf.bkp'
2023-11-21 13:41:40,735 [extensions.py:start_unix_server()] - Creating Unix Domain Socket at '/home/admin/printer_data/comms/moonraker.sock'
2023-11-21 13:41:40,738 [server.py:start_server()] - Starting Moonraker on (0.0.0.0, 7125), Hostname: raspberry
2023-11-21 13:41:40,740 [app.py:listen()] - SSL Certificate/Key not configured, aborting HTTPS Server startup
2023-11-21 13:41:40,994 [klippy_connection.py:_do_connect()] - Klippy Connection Established
2023-11-21 13:41:41,382 [server.py:add_log_rollover_item()] - Klipper Version: v0.12.0-8-g187cc2f1-dirty
2023-11-21 13:41:41,396 [app.py:register_remote_handler()] - Registering HTTP endpoint: (GET POST) /printer/info
2023-11-21 13:41:41,397 [websockets.py:register_api_handler()] - Registering Websocket JSON-RPC methods: printer.info
2023-11-21 13:41:41,397 [app.py:register_remote_handler()] - Registering HTTP endpoint: (GET POST) /printer/emergency_stop
2023-11-21 13:41:41,398 [websockets.py:register_api_handler()] - Registering Websocket JSON-RPC methods: printer.emergency_stop
2023-11-21 13:41:41,398 [app.py:register_remote_handler()] - Registering HTTP endpoint: (GET POST) /printer/gcode/help
2023-11-21 13:41:41,399 [websockets.py:register_api_handler()] - Registering Websocket JSON-RPC methods: printer.gcode.help
2023-11-21 13:41:41,400 [app.py:register_remote_handler()] - Registering HTTP endpoint: (GET POST) /printer/gcode/script
2023-11-21 13:41:41,400 [websockets.py:register_api_handler()] - Registering Websocket JSON-RPC methods: printer.gcode.script
2023-11-21 13:41:41,401 [app.py:register_remote_handler()] - Registering HTTP endpoint: (GET POST) /printer/gcode/restart
2023-11-21 13:41:41,401 [websockets.py:register_api_handler()] - Registering Websocket JSON-RPC methods: printer.gcode.restart
2023-11-21 13:41:41,402 [app.py:register_remote_handler()] - Registering HTTP endpoint: (GET POST) /printer/gcode/firmware_restart
2023-11-21 13:41:41,403 [websockets.py:register_api_handler()] - Registering Websocket JSON-RPC methods: printer.gcode.firmware_restart
2023-11-21 13:41:41,404 [app.py:register_remote_handler()] - Registering HTTP endpoint: (GET POST) /printer/objects/list
2023-11-21 13:41:41,404 [websockets.py:register_api_handler()] - Registering Websocket JSON-RPC methods: printer.objects.list
2023-11-21 13:41:41,404 [app.py:register_remote_handler()] - Registering HTTP endpoint: (GET POST) /printer/objects/query
2023-11-21 13:41:41,405 [websockets.py:register_api_handler()] - Registering Websocket JSON-RPC methods: printer.objects.query
2023-11-21 13:41:41,405 [app.py:register_remote_handler()] - Registering HTTP endpoint: (GET POST) /printer/objects/subscribe
2023-11-21 13:41:41,406 [websockets.py:register_api_handler()] - Registering Websocket JSON-RPC methods: printer.objects.subscribe
2023-11-21 13:41:41,406 [app.py:register_remote_handler()] - Registering HTTP endpoint: (GET POST) /printer/pause_resume/cancel
2023-11-21 13:41:41,408 [websockets.py:register_api_handler()] - Registering Websocket JSON-RPC methods: printer.pause_resume.cancel
2023-11-21 13:41:41,408 [app.py:register_remote_handler()] - Registering HTTP endpoint: (GET POST) /printer/pause_resume/pause
2023-11-21 13:41:41,409 [websockets.py:register_api_handler()] - Registering Websocket JSON-RPC methods: printer.pause_resume.pause
2023-11-21 13:41:41,410 [app.py:register_remote_handler()] - Registering HTTP endpoint: (GET POST) /printer/pause_resume/resume
2023-11-21 13:41:41,411 [websockets.py:register_api_handler()] - Registering Websocket JSON-RPC methods: printer.pause_resume.resume
2023-11-21 13:41:41,411 [app.py:register_remote_handler()] - Registering HTTP endpoint: (GET POST) /printer/motion_report/dump_stepper
2023-11-21 13:41:41,412 [websockets.py:register_api_handler()] - Registering Websocket JSON-RPC methods: printer.motion_report.dump_stepper
2023-11-21 13:41:41,412 [app.py:register_remote_handler()] - Registering HTTP endpoint: (GET POST) /printer/query_endstops/status
2023-11-21 13:41:41,413 [websockets.py:register_api_handler()] - Registering Websocket JSON-RPC methods: printer.query_endstops.status
2023-11-21 13:41:41,414 [app.py:register_remote_handler()] - Registering HTTP endpoint: (GET POST) /printer/motion_report/dump_trapq
2023-11-21 13:41:41,415 [websockets.py:register_api_handler()] - Registering Websocket JSON-RPC methods: printer.motion_report.dump_trapq
2023-11-21 13:41:41,420 [klippy_connection.py:_request_initial_subscriptions()] - Webhooks Subscribed
2023-11-21 13:41:41,435 [klippy_connection.py:_request_initial_subscriptions()] - GCode Output Subscribed
2023-11-21 13:41:41,669 [job_state.py:_handle_started()] - Job state initialized: standby
2023-11-21 13:41:41,963 [klippy_connection.py:_check_ready()] - Klippy ready
2023-11-21 13:41:42,423 [data_store.py:_init_sensors()] - Configuring available sensors: ['heater_bed', 'extruder']
2023-11-21 13:41:50,081 [authorization.py:_check_trusted_connection()] - Trusted Connection Detected, IP: 100.83.41.139
2023-11-21 13:41:50,087 [app.py:log_request()] - 101 GET /websocket (100.83.41.139) [_TRUSTED_USER_] 10.06ms
2023-11-21 13:41:50,089 [websockets.py:open()] - Websocket Opened: ID: 3909836912, Proxied: True, User Agent: Mozilla/5.0 (Windows NT 10.0; Win64; x64) AppleWebKit/537.36 (KHTML, like Gecko) Chrome/119.0.0.0 Safari/537.36, Host Name: magna-notebook.buffalo-emperor.ts.net
2023-11-21 13:41:50,259 [websockets.py:_handle_identify()] - Websocket 3909836912 Client Identified - Name: mainsail, Version: 2.8.0, Type: web
2023-11-21 13:42:09,027 [authorization.py:_check_trusted_connection()] - Trusted Connection Detected, IP: 127.0.0.1
2023-11-21 13:42:10,920 [app.py:log_request()] - 101 GET /websocket (127.0.0.1) [_TRUSTED_USER_] 3.51ms
2023-11-21 13:42:10,921 [websockets.py:open()] - Websocket Opened: ID: 3900833928, Proxied: True, User Agent: , Host Name: localhost
2023-11-21 13:42:10,937 [common.py:build_error()] - JSON-RPC Request Error - Requested Method: machine.device_power.devices, Code: -32601, Message: Method not found
2023-11-21 13:42:29,305 [common.py:build_error()] - JSON-RPC Request Error - Requested Method: printer.gcode.script, Code: 400, Message: Must home axis first: 0.000 0.000 1.000 [0.000]
